Performing C SOURCE FILE Test CMAKE_HAVE_LIBC_PTHREAD failed with the following output:
Change Dir: /home/oleh/kpi/cv/lab1/cv_lab1/lab1/build/oost_LIBRARY_DIR=/usr/include/opencv4/opencv2/CMakeFiles/CMakeTmp

Run Build Command(s):/usr/bin/ninja cmTC_7fef7 && [1/2] Building C object CMakeFiles/cmTC_7fef7.dir/src.c.o
[2/2] Linking C executable cmTC_7fef7
FAILED: cmTC_7fef7 
: && /usr/bin/cc -DCMAKE_HAVE_LIBC_PTHREAD   CMakeFiles/cmTC_7fef7.dir/src.c.o  -o cmTC_7fef7   && :
/usr/bin/ld: CMakeFiles/cmTC_7fef7.dir/src.c.o: in function `main':
src.c:(.text+0x3e): undefined reference to `pthread_create'
/usr/bin/ld: src.c:(.text+0x4a): undefined reference to `pthread_detach'
/usr/bin/ld: src.c:(.text+0x5b): undefined reference to `pthread_join'
collect2: error: ld returned 1 exit status
ninja: build stopped: subcommand failed.


Source file was:
#include <pthread.h>

void* test_func(void* data)
{
  return data;
}

int main(void)
{
  pthread_t thread;
  pthread_create(&thread, NULL, test_func, NULL);
  pthread_detach(thread);
  pthread_join(thread, NULL);
  pthread_atfork(NULL, NULL, NULL);
  pthread_exit(NULL);

  return 0;
}

Determining if the function pthread_create exists in the pthreads failed with the following output:
Change Dir: /home/oleh/kpi/cv/lab1/cv_lab1/lab1/build/oost_LIBRARY_DIR=/usr/include/opencv4/opencv2/CMakeFiles/CMakeTmp

Run Build Command(s):/usr/bin/ninja cmTC_8cc34 && [1/2] Building C object CMakeFiles/cmTC_8cc34.dir/CheckFunctionExists.c.o
[2/2] Linking C executable cmTC_8cc34
FAILED: cmTC_8cc34 
: && /usr/bin/cc -DCHECK_FUNCTION_EXISTS=pthread_create   CMakeFiles/cmTC_8cc34.dir/CheckFunctionExists.c.o  -o cmTC_8cc34  -lpthreads && :
/usr/bin/ld: cannot find -lpthreads
collect2: error: ld returned 1 exit status
ninja: build stopped: subcommand failed.



